<?xml version="1.0" encoding="UTF-8"?>
<testsuite name="games.game2048.TestGame2048" tests="1" skipped="0" failures="0" errors="0" timestamp="2022-07-13T23:49:49" hostname="macs-MacBook-Pro.local" time="0.013">
  <properties/>
  <testcase name="testMoves" classname="games.game2048.TestGame2048" time="0.013"/>
  <system-out><![CDATA[]]></system-out>
  <system-err><![CDATA[]]></system-err>
</testsuite>
